\BOOKMARK [0][-]{chapter.1}{\376\377\000N\000u\000m\000b\000e\000r\000s\000\040\000a\000n\000d\000\040\000S\000e\000t\000s}{}% 1
\BOOKMARK [1][-]{section.1.1}{\376\377\000S\000e\000t\000s\000,\000\040\000F\000u\000n\000c\000t\000i\000o\000n\000s\000,\000\040\000a\000n\000d\000\040\000R\000e\000l\000a\000t\000i\000o\000n\000s}{chapter.1}% 2
\BOOKMARK [2][-]{subsection.1.1.1}{\376\377\000S\000e\000t\000s}{section.1.1}% 3
\BOOKMARK [2][-]{subsection.1.1.2}{\376\377\000F\000u\000n\000c\000t\000i\000o\000n\000s}{section.1.1}% 4
\BOOKMARK [2][-]{subsection.1.1.3}{\376\377\000R\000e\000l\000a\000t\000i\000o\000n\000s}{section.1.1}% 5
\BOOKMARK [1][-]{section.1.2}{\376\377\000N\000u\000m\000b\000e\000r\000s\000\040\000a\000n\000d\000\040\000C\000o\000u\000n\000t\000i\000n\000g}{chapter.1}% 6
\BOOKMARK [2][-]{subsection.1.2.1}{\376\377\000N\000a\000t\000u\000r\000a\000l\000\040\000N\000u\000m\000b\000e\000r}{section.1.2}% 7
\BOOKMARK [2][-]{subsection.1.2.2}{\376\377\000I\000n\000t\000e\000g\000e\000r}{section.1.2}% 8
\BOOKMARK [2][-]{subsection.1.2.3}{\376\377\000R\000a\000t\000i\000o\000n\000a\000l\000\040\000N\000u\000m\000b\000e\000r}{section.1.2}% 9
\BOOKMARK [2][-]{subsection.1.2.4}{\376\377\000F\000i\000n\000i\000t\000e\000\040\000a\000n\000d\000\040\000I\000n\000f\000i\000n\000i\000t\000e\000\040\000S\000e\000t\000s}{section.1.2}% 10
\BOOKMARK [1][-]{section.1.3}{\376\377\000E\000l\000e\000m\000e\000n\000t\000a\000r\000y\000\040\000N\000u\000m\000b\000e\000r\000\040\000T\000h\000e\000o\000r\000y}{chapter.1}% 11
\BOOKMARK [2][-]{subsection.1.3.1}{\376\377\000P\000r\000i\000m\000e\000s}{section.1.3}% 12
\BOOKMARK [2][-]{subsection.1.3.2}{\376\377\000M\000o\000d\000u\000l\000a\000r\000\040\000A\000r\000i\000t\000h\000m\000e\000t\000i\000c}{section.1.3}% 13
\BOOKMARK [2][-]{subsection.1.3.3}{\376\377\000P\000u\000b\000l\000i\000c\000\040\000K\000e\000y\000\040\000C\000r\000y\000p\000t\000o\000g\000r\000a\000p\000h\000y}{section.1.3}% 14
\BOOKMARK [1][-]{section.1.4}{\376\377\000T\000h\000e\000\040\000R\000e\000a\000l\000\040\000N\000u\000m\000b\000e\000r\000s}{chapter.1}% 15
\BOOKMARK [2][-]{subsection.1.4.1}{\376\377\000R\000e\000a\000l\000\040\000N\000u\000m\000b\000e\000r\000s}{section.1.4}% 16
\BOOKMARK [2][-]{subsection.1.4.2}{\376\377\000D\000e\000c\000i\000m\000a\000l\000\040\000E\000x\000p\000a\000n\000s\000i\000o\000n\000s}{section.1.4}% 17
\BOOKMARK [2][-]{subsection.1.4.3}{\376\377\000A\000l\000g\000e\000b\000r\000a\000i\000c\000\040\000a\000n\000d\000\040\000T\000r\000a\000n\000s\000c\000e\000n\000d\000e\000n\000t\000a\000l\000\040\000N\000u\000m\000b\000e\000r\000s}{section.1.4}% 18
\BOOKMARK [2][-]{subsection.1.4.4}{\376\377\000C\000o\000m\000p\000l\000e\000x\000\040\000N\000u\000m\000b\000e\000r\000s}{section.1.4}% 19
\BOOKMARK [1][-]{section.1.5}{\376\377\000C\000o\000u\000n\000t\000a\000b\000i\000l\000i\000t\000y}{chapter.1}% 20
\BOOKMARK [1][-]{section.1.6}{\376\377\000E\000x\000a\000m\000p\000l\000e\000\040\000S\000h\000e\000e\000t\000s}{chapter.1}% 21
\BOOKMARK [2][-]{subsection.1.6.1}{\376\377\000S\000h\000e\000e\000t\000\040\0001}{section.1.6}% 22
\BOOKMARK [2][-]{subsection.1.6.2}{\376\377\000S\000h\000e\000e\000t\000\040\0002}{section.1.6}% 23
\BOOKMARK [2][-]{subsection.1.6.3}{\376\377\000S\000h\000e\000e\000t\000\040\0003}{section.1.6}% 24
\BOOKMARK [2][-]{subsection.1.6.4}{\376\377\000S\000h\000e\000e\000t\000\040\0004}{section.1.6}% 25
\BOOKMARK [0][-]{chapter.2}{\376\377\000G\000r\000o\000u\000p\000s}{}% 26
\BOOKMARK [1][-]{section.2.1}{\376\377\000G\000r\000o\000u\000p\000s}{chapter.2}% 27
\BOOKMARK [2][-]{subsection.2.1.1}{\376\377\000I\000n\000t\000r\000o\000d\000u\000c\000t\000i\000o\000n}{section.2.1}% 28
\BOOKMARK [2][-]{subsection.2.1.2}{\376\377\000S\000u\000b\000g\000r\000o\000u\000p\000s}{section.2.1}% 29
\BOOKMARK [2][-]{subsection.2.1.3}{\376\377\000I\000s\000o\000m\000e\000t\000r\000y}{section.2.1}% 30
\BOOKMARK [2][-]{subsection.2.1.4}{\376\377\000H\000o\000m\000o\000m\000o\000r\000p\000h\000i\000s\000m\000s}{section.2.1}% 31
\BOOKMARK [1][-]{section.2.2}{\376\377\000G\000r\000o\000u\000p\000\040\000A\000c\000t\000i\000o\000n\000s}{chapter.2}% 32
\BOOKMARK [2][-]{subsection.2.2.1}{\376\377\000A\000c\000t\000i\000o\000n\000s}{section.2.2}% 33
\BOOKMARK [2][-]{subsection.2.2.2}{\376\377\000C\000o\000s\000e\000t\000s}{section.2.2}% 34
\BOOKMARK [2][-]{subsection.2.2.3}{\376\377\000C\000o\000n\000j\000u\000g\000a\000t\000i\000o\000n\000s}{section.2.2}% 35
\BOOKMARK [1][-]{section.2.3}{\376\377\000T\000h\000e\000\040\000M\000\366\000b\000i\000u\000s\000\040\000G\000r\000o\000u\000p}{chapter.2}% 36
\BOOKMARK [2][-]{subsection.2.3.1}{\376\377\000M\000\366\000b\000i\000u\000s\000\040\000T\000r\000a\000n\000s\000f\000o\000r\000m\000a\000t\000i\000o\000n\000\040\000a\000n\000d\000\040\000M\000\366\000b\000i\000u\000s\000\040\000G\000r\000o\000u\000p}{section.2.3}% 37
\BOOKMARK [2][-]{subsection.2.3.2}{\376\377\000C\000i\000r\000c\000l\000e\000s}{section.2.3}% 38
\BOOKMARK [1][-]{section.2.4}{\376\377\000S\000m\000a\000l\000l\000\040\000F\000i\000n\000i\000t\000e\000\040\000G\000r\000o\000u\000p\000s}{chapter.2}% 39
\BOOKMARK [1][-]{section.2.5}{\376\377\000Q\000u\000o\000t\000i\000e\000n\000t\000s}{chapter.2}% 40
\BOOKMARK [2][-]{subsection.2.5.1}{\376\377\000N\000o\000r\000m\000a\000l\000\040\000S\000u\000b\000g\000r\000o\000u\000p\000s}{section.2.5}% 41
\BOOKMARK [1][-]{section.2.6}{\376\377\000P\000e\000r\000m\000u\000t\000a\000t\000i\000o\000n\000s}{chapter.2}% 42
\BOOKMARK [1][-]{section.2.7}{\376\377\000M\000a\000t\000r\000i\000x\000\040\000G\000r\000o\000u\000p\000s}{chapter.2}% 43
\BOOKMARK [2][-]{subsection.2.7.1}{\376\377\000G\000e\000n\000e\000r\000a\000l\000\040\000L\000i\000n\000e\000a\000r\000\040\000G\000r\000o\000u\000p}{section.2.7}% 44
\BOOKMARK [2][-]{subsection.2.7.2}{\376\377\000C\000h\000a\000n\000g\000e\000\040\000o\000f\000\040\000B\000a\000s\000i\000s\000\040\000a\000n\000d\000\040\000A\000c\000t\000i\000o\000n}{section.2.7}% 45
\BOOKMARK [2][-]{subsection.2.7.3}{\376\377\000M\000\366\000b\000i\000u\000s\000\040\000T\000r\000a\000n\000s\000f\000o\000r\000m\000a\000t\000i\000o\000n\000\040\000R\000e\000v\000i\000s\000i\000t\000e\000d}{section.2.7}% 46
\BOOKMARK [2][-]{subsection.2.7.4}{\376\377\000O\000r\000t\000h\000o\000g\000o\000n\000a\000l\000\040\000G\000r\000o\000u\000p\000s}{section.2.7}% 47
\BOOKMARK [1][-]{section.2.8}{\376\377\000P\000l\000a\000t\000o\000n\000i\000c\000\040\000S\000o\000l\000i\000d\000s}{chapter.2}% 48
\BOOKMARK [1][-]{section.2.9}{\376\377\000E\000x\000a\000m\000p\000l\000e\000\040\000S\000h\000e\000e\000t\000s}{chapter.2}% 49
\BOOKMARK [2][-]{subsection.2.9.1}{\376\377\000S\000h\000e\000e\000t\000\040\0001}{section.2.9}% 50
\BOOKMARK [2][-]{subsection.2.9.2}{\376\377\000S\000h\000e\000e\000t\000\040\0002}{section.2.9}% 51
\BOOKMARK [0][-]{chapter.3}{\376\377\000A\000n\000a\000l\000y\000s\000i\000s\000\040\000I}{}% 52
\BOOKMARK [1][-]{section.3.1}{\376\377\000L\000i\000m\000i\000t\000s\000\040\000a\000n\000d\000\040\000C\000o\000n\000v\000e\000r\000g\000e\000n\000c\000e}{chapter.3}% 53
\BOOKMARK [2][-]{subsection.3.1.1}{\376\377\000S\000e\000q\000u\000e\000n\000c\000e\000s}{section.3.1}% 54
\BOOKMARK [2][-]{subsection.3.1.2}{\376\377\000S\000e\000r\000i\000e\000s\000\040\000a\000n\000d\000\040\000C\000o\000n\000v\000e\000r\000g\000e\000n\000c\000e\000\040\000T\000e\000s\000t\000s}{section.3.1}% 55
\BOOKMARK [1][-]{section.3.2}{\376\377\000C\000o\000n\000t\000i\000n\000u\000i\000t\000y}{chapter.3}% 56
\BOOKMARK [2][-]{subsection.3.2.1}{\376\377\000C\000o\000n\000t\000i\000n\000u\000i\000t\000y\000\040\000o\000f\000\040\000a\000\040\000F\000u\000n\000c\000t\000i\000o\000n}{section.3.2}% 57
\BOOKMARK [2][-]{subsection.3.2.2}{\376\377\000L\000i\000m\000i\000t\000\040\000o\000f\000\040\000a\000\040\000F\000u\000n\000c\000t\000i\000o\000n}{section.3.2}% 58
\BOOKMARK [2][-]{subsection.3.2.3}{\376\377\000I\000n\000v\000e\000r\000s\000e\000\040\000F\000u\000n\000c\000t\000i\000o\000n\000\040\000T\000h\000e\000o\000r\000e\000m}{section.3.2}% 59
\BOOKMARK [1][-]{section.3.3}{\376\377\000D\000i\000f\000f\000e\000r\000e\000n\000t\000i\000a\000b\000i\000l\000i\000t\000y}{chapter.3}% 60
\BOOKMARK [2][-]{subsection.3.3.1}{\376\377\000D\000i\000f\000f\000e\000r\000e\000n\000t\000i\000a\000t\000i\000o\000n\000\040\000o\000f\000\040\000S\000u\000m\000s\000\040\000a\000n\000d\000\040\000P\000r\000o\000d\000u\000c\000t\000s}{section.3.3}% 61
\BOOKMARK [2][-]{subsection.3.3.2}{\376\377\000T\000h\000e\000\040\000M\000e\000a\000n\000\040\000V\000a\000l\000u\000e\000\040\000T\000h\000e\000o\000r\000e\000m}{section.3.3}% 62
\BOOKMARK [2][-]{subsection.3.3.3}{\376\377\000H\000i\000g\000h\000e\000r\000\040\000D\000e\000r\000i\000v\000a\000t\000i\000v\000e\000s\000\040\000a\000n\000d\000\040\000T\000a\000y\000l\000o\000r\000'\000s\000\040\000T\000h\000e\000o\000r\000e\000m}{section.3.3}% 63
\BOOKMARK [1][-]{section.3.4}{\376\377\000P\000o\000w\000e\000r\000\040\000S\000e\000r\000i\000e\000s}{chapter.3}% 64
\BOOKMARK [2][-]{subsection.3.4.1}{\376\377\000T\000h\000e\000\040\000S\000t\000a\000n\000d\000a\000r\000d\000\040\000F\000u\000n\000c\000t\000i\000o\000n\000s}{section.3.4}% 65
\BOOKMARK [1][-]{section.3.5}{\376\377\000I\000n\000t\000e\000g\000r\000a\000t\000i\000o\000n}{chapter.3}% 66
\BOOKMARK [2][-]{subsection.3.5.1}{\376\377\000R\000i\000e\000m\000a\000n\000n\000\040\000I\000n\000t\000e\000g\000r\000a\000l}{section.3.5}% 67
\BOOKMARK [2][-]{subsection.3.5.2}{\376\377\000E\000l\000e\000m\000e\000n\000t\000a\000r\000y\000\040\000P\000r\000o\000p\000e\000r\000t\000i\000e\000s\000\040\000o\000f\000\040\000t\000h\000e\000\040\000I\000n\000t\000e\000g\000r\000a\000l}{section.3.5}% 68
\BOOKMARK [2][-]{subsection.3.5.3}{\376\377\000P\000i\000e\000c\000e\000w\000i\000s\000e\000\040\000C\000o\000n\000t\000i\000n\000u\000o\000u\000s\000\040\000F\000u\000n\000c\000t\000i\000o\000n\000s}{section.3.5}% 69
\BOOKMARK [2][-]{subsection.3.5.4}{\376\377\000T\000h\000e\000\040\000F\000u\000n\000d\000a\000m\000e\000n\000t\000a\000l\000\040\000T\000h\000e\000o\000r\000e\000m\000\040\000o\000f\000\040\000C\000a\000l\000c\000u\000l\000u\000s}{section.3.5}% 70
\BOOKMARK [2][-]{subsection.3.5.5}{\376\377\000I\000m\000p\000r\000o\000p\000e\000r\000\040\000I\000n\000t\000e\000g\000r\000a\000l\000s}{section.3.5}% 71
\BOOKMARK [2][-]{subsection.3.5.6}{\376\377\000L\000e\000b\000e\000s\000g\000u\000e\000'\000s\000\040\000C\000r\000i\000t\000e\000r\000i\000o\000n\000\040\000f\000o\000r\000\040\000R\000i\000e\000m\000a\000n\000n\000\040\000I\000n\000t\000e\000g\000r\000a\000b\000i\000l\000i\000t\000y}{section.3.5}% 72
\BOOKMARK [1][-]{section.3.6}{\376\377\000E\000x\000a\000m\000p\000l\000e\000\040\000S\000h\000e\000e\000t\000s}{chapter.3}% 73
\BOOKMARK [2][-]{subsection.3.6.1}{\376\377\000S\000h\000e\000e\000t\000\040\0001}{section.3.6}% 74
\BOOKMARK [2][-]{subsection.3.6.2}{\376\377\000S\000h\000e\000e\000t\000\040\0002}{section.3.6}% 75
\BOOKMARK [2][-]{subsection.3.6.3}{\376\377\000S\000h\000e\000e\000t\000\040\0003}{section.3.6}% 76
\BOOKMARK [2][-]{subsection.3.6.4}{\376\377\000S\000h\000e\000e\000t\000\040\0004}{section.3.6}% 77
